Added Component: Designator=C?(C-0603)
Add component (AddParameter): Name = "LatestRevisionDate"; Value = "17-Jul-2002"; VariantName = "[No Variations]"
Add component (AddParameter): Name = "LatestRevisionNote"; Value = "Re-released for DXP Platform."; VariantName = "[No Variations]"
Add component (AddParameter): Name = "PackageDescription"; Value = "Radial Cap, Thru-Hole; 2 Leads; 0.3 in Pin Spacing"; VariantName = "[No Variations]"
Add component (AddParameter): Name = "PackageReference"; Value = "RAD-0.3"; VariantName = "[No Variations]"
Add component (AddParameter): Name = "Published"; Value = "8-Jun-2000"; VariantName = "[No Variations]"
Add component (AddParameter): Name = "Publisher"; Value = "Altium Limited"; VariantName = "[No Variations]"
Add component (AddParameter): Name = "Value"; Value = "100nF"; VariantName = "[No Variations]"
Added Component: Designator=R?(R-0603)
Add component (AddParameter): Name = "LatestRevisionDate"; Value = "17-Jul-2002"; VariantName = "[No Variations]"
Add component (AddParameter): Name = "LatestRevisionNote"; Value = "Re-released for DXP Platform."; VariantName = "[No Variations]"
Add component (AddParameter): Name = "PackageDescription"; Value = "Variable Resistor, Thru-Hole; 3 Leads"; VariantName = "[No Variations]"
Add component (AddParameter): Name = "PackageReference"; Value = "VR5"; VariantName = "[No Variations]"
Add component (AddParameter): Name = "Published"; Value = "8-Jun-2000"; VariantName = "[No Variations]"
Add component (AddParameter): Name = "Publisher"; Value = "Altium Limited"; VariantName = "[No Variations]"
Add component (AddParameter): Name = "Set Position"; Value = "0.5"; VariantName = "[No Variations]"
Add component (AddParameter): Name = "Sim Note"; Value = "Enter the Resistance value and the set point into parameter fields."; VariantName = "[No Variations]"
Add component (AddParameter): Name = "Value"; Value = "1K"; VariantName = "[No Variations]"
Added Pin To Net: NetName=VCC_USB Pin=U?-7
Added Pin To Net: NetName=VCC_USB Pin=U?-8
Added Pin To Net: NetName=NetR?_1 Pin=R?-1
Added Pin To Net: NetName=NetR?_1 Pin=U?-9
Added Net: Name=NetR?_1
Added Pin To Net: NetName=NetR?_2 Pin=R?-2
Added Pin To Net: NetName=NetR?_2 Pin=U?-6
Added Net: Name=NetR?_2
Added Member To Class: ClassName=Integrated_Platform_Controller Member=Component C? 100nF
Added Member To Class: ClassName=Integrated_Platform_Controller Member=Component C? 22¦ÌF
Added Member To Class: ClassName=Integrated_Platform_Controller Member=Component C? 100nF
Added Member To Class: ClassName=Integrated_Platform_Controller Member=Component C? 22¦ÌF
Added Member To Class: ClassName=Integrated_Platform_Controller Member=Component C? 20pF
Added Member To Class: ClassName=Integrated_Platform_Controller Member=Component C? 20pF
Added Member To Class: ClassName=Integrated_Platform_Controller Member=Component C? 100nF
Added Member To Class: ClassName=Integrated_Platform_Controller Member=Component MH? Mounting Hole 3MM
Added Member To Class: ClassName=Integrated_Platform_Controller Member=Component MH? Mounting Hole 3MM
Added Member To Class: ClassName=Integrated_Platform_Controller Member=Component MH? Mounting Hole 3MM
Added Member To Class: ClassName=Integrated_Platform_Controller Member=Component R? 10K
Added Member To Class: ClassName=Integrated_Platform_Controller Member=Component R? 10K
Added Member To Class: ClassName=Integrated_Platform_Controller Member=Component R? 10K
Added Member To Class: ClassName=Integrated_Platform_Controller Member=Component S? SW
Added Member To Class: ClassName=Integrated_Platform_Controller Member=Component S? SW
Added Member To Class: ClassName=Integrated_Platform_Controller Member=Component S? SW
Added Member To Class: ClassName=Integrated_Platform_Controller Member=Component S? SW
Added Member To Class: ClassName=Integrated_Platform_Controller Member=Component S? SW
Added Member To Class: ClassName=Integrated_Platform_Controller Member=Component S? SW
Added Member To Class: ClassName=Integrated_Platform_Controller Member=Component U? ME6211C33M5G
Added Room: Name=Integrated_Platform_Controller
