Change Component Designator: OldDesignator=C? NewDesignator=C1
Change Component Designator: OldDesignator=C? NewDesignator=C2
Change Component Designator: OldDesignator=C? NewDesignator=C3
Change Component Designator: OldDesignator=C? NewDesignator=C4
Change Component Designator: OldDesignator=C? NewDesignator=C5
Change Component Designator: OldDesignator=C? NewDesignator=C6
Change Component Designator: OldDesignator=C? NewDesignator=C7
Change Component Designator: OldDesignator=C? NewDesignator=C8
Change Component Designator: OldDesignator=C? NewDesignator=C9
Change Component Designator: OldDesignator=C? NewDesignator=C10
Change Component Designator: OldDesignator=C? NewDesignator=C11
Change Component Designator: OldDesignator=C? NewDesignator=C12
Change Component Designator: OldDesignator=C? NewDesignator=C13
Change Component Designator: OldDesignator=MH? NewDesignator=MH1
Change Component Designator: OldDesignator=MH? NewDesignator=MH2
Change Component Designator: OldDesignator=MH? NewDesignator=MH3
Change Component Designator: OldDesignator=MH? NewDesignator=MH4
Change Component Designator: OldDesignator=P? NewDesignator=P1
Change Component Designator: OldDesignator=P? NewDesignator=P2
Change Component Designator: OldDesignator=P? NewDesignator=P3
Change Component Designator: OldDesignator=R? NewDesignator=R1
Change Component Designator: OldDesignator=R? NewDesignator=R2
Change Component Designator: OldDesignator=R? NewDesignator=R3
Change Component Designator: OldDesignator=R? NewDesignator=R4
Change Component Designator: OldDesignator=R? NewDesignator=R5
Change Component Designator: OldDesignator=R? NewDesignator=R6
Change Component Designator: OldDesignator=R? NewDesignator=R7
Change Component Designator: OldDesignator=R? NewDesignator=R8
Change Component Designator: OldDesignator=R? NewDesignator=R9
Change Component Designator: OldDesignator=R? NewDesignator=R10
Change Component Designator: OldDesignator=R? NewDesignator=R11
Change Component Designator: OldDesignator=R? NewDesignator=R12
Change Component Designator: OldDesignator=R? NewDesignator=R13
Change Component Designator: OldDesignator=R? NewDesignator=R14
Change Component Designator: OldDesignator=R? NewDesignator=R15
Change Component Designator: OldDesignator=R? NewDesignator=R16
Change Component Designator: OldDesignator=S? NewDesignator=S1
Change Component Designator: OldDesignator=S? NewDesignator=S2
Change Component Designator: OldDesignator=S? NewDesignator=S3
Change Component Designator: OldDesignator=S? NewDesignator=S4
Change Component Designator: OldDesignator=S? NewDesignator=S5
Change Component Designator: OldDesignator=S? NewDesignator=S6
Change Component Designator: OldDesignator=S? NewDesignator=S7
Change Component Designator: OldDesignator=U? NewDesignator=U2
Change Component Designator: OldDesignator=U? NewDesignator=U3
Change Component Designator: OldDesignator=Y? NewDesignator=Y1
Change Net Name : Old Net Name=NetC?_1 New Net Name=NetC4_1
Change Net Name : Old Net Name=NetC?_2 New Net Name=NetC1_2
Change Net Name : Old Net Name=NetP?_3 New Net Name=NetP1_3
Change Net Name : Old Net Name=NetP?_4 New Net Name=NetP1_4
Change Net Name : Old Net Name=NetR?_1 New Net Name=NetR3_1
Change Net Name : Old Net Name=NetR?_2 New Net Name=NetR13_2
Added Pin To Net: NetName=NetC1_1 Pin=C1-1
Added Pin To Net: NetName=NetC1_1 Pin=U2-3
Added Net: Name=NetC1_1
Added Pin To Net: NetName=NetR5_2 Pin=R5-2
Added Pin To Net: NetName=NetR5_2 Pin=R7-2
Added Pin To Net: NetName=NetR5_2 Pin=S2-1
Added Pin To Net: NetName=NetR5_2 Pin=S2-1
Added Net: Name=NetR5_2
Added Pin To Net: NetName=NetR6_2 Pin=R6-2
Added Pin To Net: NetName=NetR6_2 Pin=R8-2
Added Pin To Net: NetName=NetR6_2 Pin=S3-1
Added Pin To Net: NetName=NetR6_2 Pin=S3-1
Added Net: Name=NetR6_2
Added Pin To Net: NetName=NetR9_2 Pin=R9-2
Added Pin To Net: NetName=NetR9_2 Pin=R11-2
Added Pin To Net: NetName=NetR9_2 Pin=S4-1
Added Pin To Net: NetName=NetR9_2 Pin=S4-1
Added Net: Name=NetR9_2
Added Pin To Net: NetName=NetR10_2 Pin=R10-2
Added Pin To Net: NetName=NetR10_2 Pin=R12-2
Added Pin To Net: NetName=NetR10_2 Pin=S5-1
Added Pin To Net: NetName=NetR10_2 Pin=S5-1
Added Net: Name=NetR10_2
Added Pin To Net: NetName=NetR14_2 Pin=R14-2
Added Pin To Net: NetName=NetR14_2 Pin=R16-2
Added Pin To Net: NetName=NetR14_2 Pin=S7-1
Added Pin To Net: NetName=NetR14_2 Pin=S7-1
Added Net: Name=NetR14_2
Added Member To Class: ClassName=Integrated_Platform_Controller Member=Component C1 100nF
Added Member To Class: ClassName=Integrated_Platform_Controller Member=Component C2 20pF
Added Member To Class: ClassName=Integrated_Platform_Controller Member=Component C3 20pF
Added Member To Class: ClassName=Integrated_Platform_Controller Member=Component C5 10¦Ì
Added Member To Class: ClassName=Integrated_Platform_Controller Member=Component C6 100nF
Added Member To Class: ClassName=Integrated_Platform_Controller Member=Component C7 100nF
Added Member To Class: ClassName=Integrated_Platform_Controller Member=Component C8 100nF
Added Member To Class: ClassName=Integrated_Platform_Controller Member=Component C9 100nF
Added Member To Class: ClassName=Integrated_Platform_Controller Member=Component C10 22¦ÌF
Added Member To Class: ClassName=Integrated_Platform_Controller Member=Component C11 100nF
Added Member To Class: ClassName=Integrated_Platform_Controller Member=Component C12 100nF
Added Member To Class: ClassName=Integrated_Platform_Controller Member=Component C13 22¦ÌF
Added Member To Class: ClassName=Integrated_Platform_Controller Member=Component MH1 Mounting Hole 3MM
Added Member To Class: ClassName=Integrated_Platform_Controller Member=Component MH2 Mounting Hole 3MM
Added Member To Class: ClassName=Integrated_Platform_Controller Member=Component MH3 Mounting Hole 3MM
Added Member To Class: ClassName=Integrated_Platform_Controller Member=Component P1 SW-SMD-2p
Added Member To Class: ClassName=Integrated_Platform_Controller Member=Component P2 Header 4
Added Member To Class: ClassName=Integrated_Platform_Controller Member=Component R1 10K
Added Member To Class: ClassName=Integrated_Platform_Controller Member=Component R2 10K
Added Member To Class: ClassName=Integrated_Platform_Controller Member=Component R3 10K
Added Member To Class: ClassName=Integrated_Platform_Controller Member=Component R4 10K
Added Member To Class: ClassName=Integrated_Platform_Controller Member=Component R5 1K
Added Member To Class: ClassName=Integrated_Platform_Controller Member=Component R6 1K
Added Member To Class: ClassName=Integrated_Platform_Controller Member=Component R7 10K
Added Member To Class: ClassName=Integrated_Platform_Controller Member=Component R8 10K
Added Member To Class: ClassName=Integrated_Platform_Controller Member=Component R9 1K
Added Member To Class: ClassName=Integrated_Platform_Controller Member=Component R10 1K
Added Member To Class: ClassName=Integrated_Platform_Controller Member=Component R11 10K
Added Member To Class: ClassName=Integrated_Platform_Controller Member=Component R12 10K
Added Member To Class: ClassName=Integrated_Platform_Controller Member=Component R13 1K
Added Member To Class: ClassName=Integrated_Platform_Controller Member=Component R14 1K
Added Member To Class: ClassName=Integrated_Platform_Controller Member=Component R15 10K
Added Member To Class: ClassName=Integrated_Platform_Controller Member=Component S1 SW
Added Member To Class: ClassName=Integrated_Platform_Controller Member=Component S3 SW
Added Member To Class: ClassName=Integrated_Platform_Controller Member=Component S4 SW
Added Member To Class: ClassName=Integrated_Platform_Controller Member=Component S5 SW
Added Member To Class: ClassName=Integrated_Platform_Controller Member=Component S6 SW
Added Member To Class: ClassName=Integrated_Platform_Controller Member=Component S7 SW
Added Member To Class: ClassName=Integrated_Platform_Controller Member=Component U2 CP2102
Added Room: Name=Integrated_Platform_Controller
